<?xml version="1.0" encoding="UTF-8"?>
<beans xmlns="http://www.springframework.org/schema/beans"
	xmlns:xsi="http://www.w3.org/2001/XMLSchema-instance"
	xsi:schemaLocation="http://www.springframework.org/schema/beans http://www.springframework.org/schema/beans/spring-beans-3.0.xsd">
	
	
	<bean id="dataSource" class="org.springframework.jdbc.datasource.SimpleDriverDataSource">
		<property name="driverClass" value="org.hsqldb.jdbcDriver"></property>
		<property name="url" value="jdbc:hsqldb:hsql://127.0.0.1/lecture"></property>
		<property name="username" value="sa"></property>
		<property name="password" value=""></property>
	</bean>
	
	<bean id="userDao" class="springbook.user.dao.UserDaoJdbc">
		<property name="dataSource" ref="dataSource"/>
	</bean>
	
	<bean id="transactionManager" class="org.springframework.jdbc.datasource.DataSourceTransactionManager">
		<property name="dataSource" ref="dataSource" />
	</bean>
	
	<bean id="userService" class="springbook.user.service.UserServiceTx">
		<property name="userService" ref="userServiceImpl" />
		<property name="transactionManager" ref="transactionManager"/>
	</bean>
	
	<bean id="userServiceImpl" class="springbook.user.service.UserServiceImpl">
		<property name="userDao" ref="userDao" />
		<property name="mailSender" ref="mailSender"/>
	</bean>
	
	<bean id="mailSender" class="springbook.user.service.DummyMailSender"></bean>
	
</beans>