<?xml version="1.0" encoding="UTF-8"?>
<beans xmlns="http://www.springframework.org/schema/beans"
	xmlns:xsi="http://www.w3.org/2001/XMLSchema-instance"
	xmlns:aop="http://www.springframework.org/schema/aop"
	xmlns:tx="http://www.springframework.org/schema/tx"
	xsi:schemaLocation="http://www.springframework.org/schema/aop http://www.springframework.org/schema/aop/spring-aop-3.0.xsd
		http://www.springframework.org/schema/beans http://www.springframework.org/schema/beans/spring-beans-3.0.xsd
		http://www.springframework.org/schema/tx http://www.springframework.org/schema/tx/spring-tx-3.0.xsd">
	
	
	<bean id="dataSource" class="org.springframework.jdbc.datasource.SimpleDriverDataSource">
		<property name="driverClass" value="org.hsqldb.jdbcDriver"></property>
		<property name="url" value="jdbc:hsqldb:hsql://127.0.0.1/lecture"></property>
		<property name="username" value="sa"></property>
		<property name="password" value=""></property>
	</bean>
	
	<bean id="userDao" class="springbook.user.dao.UserDaoJdbc">
		<property name="dataSource" ref="dataSource"/>
		<property name="sqlService" ref="sqlService"/>
	</bean>
	
	<bean id="sqlService" class="springbook.user.dao.SimpleSqlService">
		<property name="sqlMap">
			<map>
				<entry key="userAdd" value="insert into users(id, name, password, level, login, recommend) values (?, ?, ?, ?, ?, ?)" />
			</map>
		</property>
	</bean>
	
	<bean id="transactionManager" class="org.springframework.jdbc.datasource.DataSourceTransactionManager">
		<property name="dataSource" ref="dataSource" />
	</bean>
	<!-- 
	<bean class="org.springframework.aop.framework.autoproxy.DefaultAdvisorAutoProxyCreator" />
	
	<bean id="transactionAdvisor" class="org.springframework.aop.support.DefaultPointcutAdvisor">
		<property name="advice" ref="transactionAdvice" />
		<property name="pointcut" ref="transactionPointcut" />
	</bean>
	
	<bean id="transactionAdvice" class="springbook.user.service.TransactionAdvice">
		<property name="transactionManager" ref="transactionManager"/>
	</bean>
	
	
	<bean id="transactionPointcut" class="springbook.user.service.NameMatchClassMethodPointcut">
		<property name="mappedClassName" value="*ServiceImpl" />
		<property name="mappedName" value="upgrade*" />
	</bean>
	 -->
	<bean id="userService" class="springbook.user.service.UserServiceImpl">
		<property name="userDao" ref="userDao" />
		<property name="mailSender" ref="mailSender"/>
	</bean>
	
	<bean id="testUserService" class="springbook.user.service.UserServiceTest$TestUserServiceImpl" parent="userService" />
	
	
	<tx:advice id="transactionAdvice">
		<tx:attributes>
			<tx:method name="get*" read-only="true" />
			<tx:method name="*" />
		</tx:attributes>
	</tx:advice>
	<aop:config>
		<aop:pointcut expression="execution(* *..*Service*.*(..))" id="transactionPointcut" />
		<aop:advisor advice-ref="transactionAdvice" pointcut-ref="transactionPointcut"/>
	</aop:config>
	
	<bean id="mailSender" class="springbook.user.service.DummyMailSender"></bean>
	
</beans>